2019/05/21-19:46:02.000 [main] INFO  c.x.springcloud.ams.AmsApplication - Starting AmsApplication on xxw with PID 11156 (C:\work\project\xxwgit\ams\target\classes started by 86177 in C:\work\project\xxwgit\ams) 
2019/05/21-19:46:02.003 [main] INFO  c.x.springcloud.ams.AmsApplication - No active profile set, falling back to default profiles: default 
2019/05/21-19:46:02.681 [main] INFO  o.s.d.r.c.RepositoryConfigurationDelegate - Bootstrapping Spring Data repositories in DEFAULT mode. 
2019/05/21-19:46:02.726 [main] INFO  o.s.d.r.c.RepositoryConfigurationDelegate - Finished Spring Data repository scanning in 34ms. Found 0 repository interfaces. 
2019/05/21-19:46:03.087 [main] INFO  o.s.c.s.PostProcessorRegistrationDelegate$BeanPostProcessorChecker - Bean 'org.springframework.transaction.annotation.ProxyTransactionManagementConfiguration' of type [org.springframework.transaction.annotation.ProxyTransactionManagementConfiguration$$EnhancerBySpringCGLIB$$763eb6c2] is not eligible for getting processed by all BeanPostProcessors (for example: not eligible for auto-proxying) 
2019/05/21-19:46:03.825 [main] INFO  o.s.b.w.e.tomcat.TomcatWebServer - Tomcat initialized with port(s): 8899 (http) 
2019/05/21-19:46:03.849 [main] INFO  o.a.catalina.core.StandardService - Starting service [Tomcat] 
2019/05/21-19:46:03.850 [main] INFO  o.a.catalina.core.StandardEngine - Starting Servlet engine: [Apache Tomcat/9.0.17] 
2019/05/21-19:46:03.984 [main] INFO  o.a.c.c.C.[.[localhost].[/ams] - Initializing Spring embedded WebApplicationContext 
2019/05/21-19:46:03.985 [main] INFO  o.s.web.context.ContextLoader - Root WebApplicationContext: initialization completed in 1941 ms 
2019/05/21-19:46:04.192 [main] INFO  com.zaxxer.hikari.HikariDataSource - HikariPool-1 - Starting... 
2019/05/21-19:46:04.314 [main] INFO  com.zaxxer.hikari.HikariDataSource - HikariPool-1 - Start completed. 
2019/05/21-19:46:04.377 [main] INFO  o.h.jpa.internal.util.LogHelper - HHH000204: Processing PersistenceUnitInfo [
	name: default
	...] 
2019/05/21-19:46:04.445 [main] INFO  org.hibernate.Version - HHH000412: Hibernate Core {5.3.9.Final} 
2019/05/21-19:46:04.447 [main] INFO  org.hibernate.cfg.Environment - HHH000206: hibernate.properties not found 
2019/05/21-19:46:04.584 [main] INFO  o.h.annotations.common.Version - HCANN000001: Hibernate Commons Annotations {5.0.4.Final} 
2019/05/21-19:46:04.762 [main] INFO  org.hibernate.dialect.Dialect - HHH000400: Using dialect: org.hibernate.dialect.MySQL5Dialect 
2019/05/21-19:46:04.967 [main] INFO  o.s.o.j.LocalContainerEntityManagerFactoryBean - Initialized JPA EntityManagerFactory for persistence unit 'default' 
2019/05/21-19:46:05.447 [main] INFO  o.s.s.c.ThreadPoolTaskExecutor - Initializing ExecutorService 'applicationTaskExecutor' 
2019/05/21-19:46:05.513 [main] WARN  o.s.b.a.o.j.JpaBaseConfiguration$JpaWebConfiguration$JpaWebMvcConfiguration - spring.jpa.open-in-view is enabled by default. Therefore, database queries may be performed during view rendering. Explicitly configure spring.jpa.open-in-view to disable this warning 
2019/05/21-19:46:05.744 [main] INFO  o.s.b.w.e.tomcat.TomcatWebServer - Tomcat started on port(s): 8899 (http) with context path '/ams' 
2019/05/21-19:46:05.747 [main] INFO  c.x.springcloud.ams.AmsApplication - Started AmsApplication in 4.028 seconds (JVM running for 4.674) 
2019/05/21-19:47:00.398 [main] INFO  c.x.springcloud.ams.AmsApplication - Starting AmsApplication on xxw with PID 1092 (C:\work\project\xxwgit\ams\target\classes started by 86177 in C:\work\project\xxwgit\ams) 
2019/05/21-19:47:00.401 [main] INFO  c.x.springcloud.ams.AmsApplication - No active profile set, falling back to default profiles: default 
2019/05/21-19:47:01.127 [main] INFO  o.s.d.r.c.RepositoryConfigurationDelegate - Bootstrapping Spring Data repositories in DEFAULT mode. 
2019/05/21-19:47:01.172 [main] INFO  o.s.d.r.c.RepositoryConfigurationDelegate - Finished Spring Data repository scanning in 35ms. Found 0 repository interfaces. 
2019/05/21-19:47:01.542 [main] INFO  o.s.c.s.PostProcessorRegistrationDelegate$BeanPostProcessorChecker - Bean 'org.springframework.transaction.annotation.ProxyTransactionManagementConfiguration' of type [org.springframework.transaction.annotation.ProxyTransactionManagementConfiguration$$EnhancerBySpringCGLIB$$39c45996] is not eligible for getting processed by all BeanPostProcessors (for example: not eligible for auto-proxying) 
2019/05/21-19:47:02.229 [main] INFO  o.s.b.w.e.tomcat.TomcatWebServer - Tomcat initialized with port(s): 8899 (http) 
2019/05/21-19:47:02.252 [main] INFO  o.a.catalina.core.StandardService - Starting service [Tomcat] 
2019/05/21-19:47:02.253 [main] INFO  o.a.catalina.core.StandardEngine - Starting Servlet engine: [Apache Tomcat/9.0.17] 
2019/05/21-19:47:02.401 [main] INFO  o.a.c.c.C.[.[localhost].[/ams] - Initializing Spring embedded WebApplicationContext 
2019/05/21-19:47:02.401 [main] INFO  o.s.web.context.ContextLoader - Root WebApplicationContext: initialization completed in 1956 ms 
2019/05/21-19:47:02.598 [main] INFO  com.zaxxer.hikari.HikariDataSource - HikariPool-1 - Starting... 
2019/05/21-19:47:02.719 [main] INFO  com.zaxxer.hikari.HikariDataSource - HikariPool-1 - Start completed. 
2019/05/21-19:47:02.786 [main] INFO  o.h.jpa.internal.util.LogHelper - HHH000204: Processing PersistenceUnitInfo [
	name: default
	...] 
2019/05/21-19:47:02.856 [main] INFO  org.hibernate.Version - HHH000412: Hibernate Core {5.3.9.Final} 
2019/05/21-19:47:02.857 [main] INFO  org.hibernate.cfg.Environment - HHH000206: hibernate.properties not found 
2019/05/21-19:47:02.991 [main] INFO  o.h.annotations.common.Version - HCANN000001: Hibernate Commons Annotations {5.0.4.Final} 
2019/05/21-19:47:03.168 [main] INFO  org.hibernate.dialect.Dialect - HHH000400: Using dialect: org.hibernate.dialect.MySQL5Dialect 
2019/05/21-19:47:03.371 [main] INFO  o.s.o.j.LocalContainerEntityManagerFactoryBean - Initialized JPA EntityManagerFactory for persistence unit 'default' 
2019/05/21-19:47:03.866 [main] INFO  o.s.s.c.ThreadPoolTaskExecutor - Initializing ExecutorService 'applicationTaskExecutor' 
2019/05/21-19:47:03.953 [main] WARN  o.s.b.a.o.j.JpaBaseConfiguration$JpaWebConfiguration$JpaWebMvcConfiguration - spring.jpa.open-in-view is enabled by default. Therefore, database queries may be performed during view rendering. Explicitly configure spring.jpa.open-in-view to disable this warning 
2019/05/21-19:47:04.241 [main] INFO  o.s.b.w.e.tomcat.TomcatWebServer - Tomcat started on port(s): 8899 (http) with context path '/ams' 
2019/05/21-19:47:04.244 [main] INFO  c.x.springcloud.ams.AmsApplication - Started AmsApplication in 4.125 seconds (JVM running for 4.766) 
2019/05/21-19:47:04.247 [main] INFO  c.x.springcloud.ams.AmsApplication - 	
 系统启动成功 
2019/05/21-19:47:26.790 [http-nio-8899-exec-1] INFO  o.a.c.c.C.[.[localhost].[/ams] - Initializing Spring DispatcherServlet 'dispatcherServlet' 
2019/05/21-19:47:26.790 [http-nio-8899-exec-1] INFO  o.s.web.servlet.DispatcherServlet - Initializing Servlet 'dispatcherServlet' 
2019/05/21-19:47:26.797 [http-nio-8899-exec-1] INFO  o.s.web.servlet.DispatcherServlet - Completed initialization in 7 ms 
2019/05/21-19:47:34.070 [http-nio-8899-exec-1] INFO  c.x.s.ams.web.MenuManagerController - 角色查询成功 
2019/05/21-19:47:34.090 [http-nio-8899-exec-1] INFO  c.x.s.a.I.CommonCostInterceptor - request times =7276 
2019/05/21-19:47:41.046 [http-nio-8899-exec-1] INFO  c.x.s.a.I.CommonCostInterceptor - request times 1=14232 
2019/05/21-19:49:48.548 [http-nio-8899-exec-8] INFO  c.x.s.a.I.CommonCostInterceptor - request times =69 
2019/05/21-19:49:48.548 [http-nio-8899-exec-8] INFO  c.x.s.a.I.CommonCostInterceptor - request times 1=69 
2019/05/21-19:52:55.142 [http-nio-8899-exec-6] INFO  c.x.s.ams.web.MenuManagerController - 菜单添加成功 
2019/05/21-19:52:55.148 [http-nio-8899-exec-6] INFO  c.x.s.a.I.CommonCostInterceptor - request times =10100 
2019/05/21-19:52:55.149 [http-nio-8899-exec-6] INFO  c.x.s.a.I.CommonCostInterceptor - request times 1=10101 
2019/05/21-19:54:05.785 [http-nio-8899-exec-2] INFO  c.x.s.ams.web.MenuManagerController - 菜单添加成功 
2019/05/21-19:54:05.787 [http-nio-8899-exec-2] INFO  c.x.s.a.I.CommonCostInterceptor - request times =4649 
2019/05/21-19:54:05.787 [http-nio-8899-exec-2] INFO  c.x.s.a.I.CommonCostInterceptor - request times 1=4649 
2019/05/21-19:56:11.755 [http-nio-8899-exec-5] INFO  c.x.s.ams.web.MenuManagerController - 菜单添加成功 
2019/05/21-19:56:11.756 [http-nio-8899-exec-5] INFO  c.x.s.a.I.CommonCostInterceptor - request times =6 
2019/05/21-19:56:11.757 [http-nio-8899-exec-5] INFO  c.x.s.a.I.CommonCostInterceptor - request times 1=7 
2019/05/21-19:56:59.038 [http-nio-8899-exec-8] INFO  c.x.s.ams.web.MenuManagerController - 菜单修改成功 
2019/05/21-19:56:59.039 [http-nio-8899-exec-8] INFO  c.x.s.a.I.CommonCostInterceptor - request times =13 
2019/05/21-19:56:59.040 [http-nio-8899-exec-8] INFO  c.x.s.a.I.CommonCostInterceptor - request times 1=14 
2019/05/21-19:58:01.882 [http-nio-8899-exec-6] INFO  c.x.s.ams.web.MenuManagerController - 菜单删除成功 
2019/05/21-19:58:01.883 [http-nio-8899-exec-6] INFO  c.x.s.a.I.CommonCostInterceptor - request times =12 
2019/05/21-19:58:01.883 [http-nio-8899-exec-6] INFO  c.x.s.a.I.CommonCostInterceptor - request times 1=12 
2019/05/21-20:45:13.875 [main] INFO  c.x.springcloud.ams.AmsApplication - Starting AmsApplication on xxw with PID 2848 (C:\work\project\xxwgit\ams\target\classes started by 86177 in C:\work\project\xxwgit\ams) 
2019/05/21-20:45:13.879 [main] INFO  c.x.springcloud.ams.AmsApplication - No active profile set, falling back to default profiles: default 
2019/05/21-20:45:14.575 [main] INFO  o.s.d.r.c.RepositoryConfigurationDelegate - Bootstrapping Spring Data repositories in DEFAULT mode. 
2019/05/21-20:45:14.612 [main] INFO  o.s.d.r.c.RepositoryConfigurationDelegate - Finished Spring Data repository scanning in 29ms. Found 0 repository interfaces. 
2019/05/21-20:45:14.991 [main] INFO  o.s.c.s.PostProcessorRegistrationDelegate$BeanPostProcessorChecker - Bean 'org.springframework.transaction.annotation.ProxyTransactionManagementConfiguration' of type [org.springframework.transaction.annotation.ProxyTransactionManagementConfiguration$$EnhancerBySpringCGLIB$$b6b6c686] is not eligible for getting processed by all BeanPostProcessors (for example: not eligible for auto-proxying) 
2019/05/21-20:45:15.769 [main] INFO  o.s.b.w.e.tomcat.TomcatWebServer - Tomcat initialized with port(s): 8899 (http) 
2019/05/21-20:45:15.795 [main] INFO  o.a.catalina.core.StandardService - Starting service [Tomcat] 
2019/05/21-20:45:15.795 [main] INFO  o.a.catalina.core.StandardEngine - Starting Servlet engine: [Apache Tomcat/9.0.17] 
2019/05/21-20:45:15.934 [main] INFO  o.a.c.c.C.[.[localhost].[/ams] - Initializing Spring embedded WebApplicationContext 
2019/05/21-20:45:15.935 [main] INFO  o.s.web.context.ContextLoader - Root WebApplicationContext: initialization completed in 2017 ms 
2019/05/21-20:45:16.150 [main] INFO  com.zaxxer.hikari.HikariDataSource - HikariPool-1 - Starting... 
2019/05/21-20:45:16.270 [main] INFO  com.zaxxer.hikari.HikariDataSource - HikariPool-1 - Start completed. 
2019/05/21-20:45:16.333 [main] INFO  o.h.jpa.internal.util.LogHelper - HHH000204: Processing PersistenceUnitInfo [
	name: default
	...] 
2019/05/21-20:45:16.400 [main] INFO  org.hibernate.Version - HHH000412: Hibernate Core {5.3.9.Final} 
2019/05/21-20:45:16.402 [main] INFO  org.hibernate.cfg.Environment - HHH000206: hibernate.properties not found 
2019/05/21-20:45:16.541 [main] INFO  o.h.annotations.common.Version - HCANN000001: Hibernate Commons Annotations {5.0.4.Final} 
2019/05/21-20:45:16.721 [main] INFO  org.hibernate.dialect.Dialect - HHH000400: Using dialect: org.hibernate.dialect.MySQL5Dialect 
2019/05/21-20:45:16.927 [main] INFO  o.s.o.j.LocalContainerEntityManagerFactoryBean - Initialized JPA EntityManagerFactory for persistence unit 'default' 
2019/05/21-20:45:17.439 [main] INFO  o.s.s.c.ThreadPoolTaskExecutor - Initializing ExecutorService 'applicationTaskExecutor' 
2019/05/21-20:45:17.492 [main] WARN  o.s.b.a.o.j.JpaBaseConfiguration$JpaWebConfiguration$JpaWebMvcConfiguration - spring.jpa.open-in-view is enabled by default. Therefore, database queries may be performed during view rendering. Explicitly configure spring.jpa.open-in-view to disable this warning 
2019/05/21-20:45:17.744 [main] INFO  o.s.b.w.e.tomcat.TomcatWebServer - Tomcat started on port(s): 8899 (http) with context path '/ams' 
2019/05/21-20:45:17.747 [main] INFO  c.x.springcloud.ams.AmsApplication - Started AmsApplication in 4.161 seconds (JVM running for 4.782) 
2019/05/21-20:45:17.749 [main] INFO  c.x.springcloud.ams.AmsApplication - 	
 系统启动成功 
2019/05/21-20:46:00.839 [http-nio-8899-exec-1] INFO  o.a.c.c.C.[.[localhost].[/ams] - Initializing Spring DispatcherServlet 'dispatcherServlet' 
2019/05/21-20:46:00.839 [http-nio-8899-exec-1] INFO  o.s.web.servlet.DispatcherServlet - Initializing Servlet 'dispatcherServlet' 
2019/05/21-20:46:00.847 [http-nio-8899-exec-1] INFO  o.s.web.servlet.DispatcherServlet - Completed initialization in 8 ms 
2019/05/21-20:46:01.131 [http-nio-8899-exec-1] INFO  c.x.s.ams.web.UserManagerController - 用户角色查询成功 
2019/05/21-20:46:01.162 [http-nio-8899-exec-1] INFO  c.x.s.a.I.CommonCostInterceptor - request times =302 
2019/05/21-20:46:01.165 [http-nio-8899-exec-1] INFO  c.x.s.a.I.CommonCostInterceptor - request times 1=305 
2019/05/21-21:42:15.035 [main] INFO  c.x.springcloud.ams.AmsApplication - Starting AmsApplication on xxw with PID 23956 (C:\work\project\xxwgit\ams\target\classes started by 86177 in C:\work\project\xxwgit\ams) 
2019/05/21-21:42:15.039 [main] INFO  c.x.springcloud.ams.AmsApplication - No active profile set, falling back to default profiles: default 
2019/05/21-21:42:15.822 [main] INFO  o.s.d.r.c.RepositoryConfigurationDelegate - Bootstrapping Spring Data repositories in DEFAULT mode. 
2019/05/21-21:42:15.867 [main] INFO  o.s.d.r.c.RepositoryConfigurationDelegate - Finished Spring Data repository scanning in 35ms. Found 0 repository interfaces. 
2019/05/21-21:42:16.220 [main] INFO  o.s.c.s.PostProcessorRegistrationDelegate$BeanPostProcessorChecker - Bean 'org.springframework.transaction.annotation.ProxyTransactionManagementConfiguration' of type [org.springframework.transaction.annotation.ProxyTransactionManagementConfiguration$$EnhancerBySpringCGLIB$$fef736d7] is not eligible for getting processed by all BeanPostProcessors (for example: not eligible for auto-proxying) 
2019/05/21-21:42:16.960 [main] INFO  o.s.b.w.e.tomcat.TomcatWebServer - Tomcat initialized with port(s): 8899 (http) 
2019/05/21-21:42:16.984 [main] INFO  o.a.catalina.core.StandardService - Starting service [Tomcat] 
2019/05/21-21:42:16.985 [main] INFO  o.a.catalina.core.StandardEngine - Starting Servlet engine: [Apache Tomcat/9.0.17] 
2019/05/21-21:42:17.120 [main] INFO  o.a.c.c.C.[.[localhost].[/ams] - Initializing Spring embedded WebApplicationContext 
2019/05/21-21:42:17.120 [main] INFO  o.s.web.context.ContextLoader - Root WebApplicationContext: initialization completed in 2041 ms 
2019/05/21-21:42:17.335 [main] INFO  com.zaxxer.hikari.HikariDataSource - HikariPool-1 - Starting... 
2019/05/21-21:42:17.479 [main] INFO  com.zaxxer.hikari.HikariDataSource - HikariPool-1 - Start completed. 
2019/05/21-21:42:17.543 [main] INFO  o.h.jpa.internal.util.LogHelper - HHH000204: Processing PersistenceUnitInfo [
	name: default
	...] 
2019/05/21-21:42:17.608 [main] INFO  org.hibernate.Version - HHH000412: Hibernate Core {5.3.9.Final} 
2019/05/21-21:42:17.610 [main] INFO  org.hibernate.cfg.Environment - HHH000206: hibernate.properties not found 
2019/05/21-21:42:17.754 [main] INFO  o.h.annotations.common.Version - HCANN000001: Hibernate Commons Annotations {5.0.4.Final} 
2019/05/21-21:42:17.919 [main] INFO  org.hibernate.dialect.Dialect - HHH000400: Using dialect: org.hibernate.dialect.MySQL5Dialect 
2019/05/21-21:42:18.125 [main] INFO  o.s.o.j.LocalContainerEntityManagerFactoryBean - Initialized JPA EntityManagerFactory for persistence unit 'default' 
2019/05/21-21:42:18.613 [main] INFO  o.s.s.c.ThreadPoolTaskExecutor - Initializing ExecutorService 'applicationTaskExecutor' 
2019/05/21-21:42:18.661 [main] WARN  o.s.b.a.o.j.JpaBaseConfiguration$JpaWebConfiguration$JpaWebMvcConfiguration - spring.jpa.open-in-view is enabled by default. Therefore, database queries may be performed during view rendering. Explicitly configure spring.jpa.open-in-view to disable this warning 
2019/05/21-21:42:18.873 [main] INFO  o.s.b.w.e.tomcat.TomcatWebServer - Tomcat started on port(s): 8899 (http) with context path '/ams' 
2019/05/21-21:42:18.876 [main] INFO  c.x.springcloud.ams.AmsApplication - Started AmsApplication in 4.122 seconds (JVM running for 4.706) 
2019/05/21-21:42:18.878 [main] INFO  c.x.springcloud.ams.AmsApplication - 	
 系统启动成功 
2019/05/21-21:42:23.360 [http-nio-8899-exec-1] INFO  o.a.c.c.C.[.[localhost].[/ams] - Initializing Spring DispatcherServlet 'dispatcherServlet' 
2019/05/21-21:42:23.361 [http-nio-8899-exec-1] INFO  o.s.web.servlet.DispatcherServlet - Initializing Servlet 'dispatcherServlet' 
2019/05/21-21:42:23.370 [http-nio-8899-exec-1] INFO  o.s.web.servlet.DispatcherServlet - Completed initialization in 9 ms 
2019/05/21-21:42:23.604 [http-nio-8899-exec-1] INFO  c.x.s.a.I.CommonCostInterceptor - request times =220 
2019/05/21-21:42:23.606 [http-nio-8899-exec-1] INFO  c.x.s.a.I.CommonCostInterceptor - request times 1=222 
2019/05/21-21:43:34.850 [http-nio-8899-exec-3] INFO  c.x.s.a.I.CommonCostInterceptor - request times =41460 
2019/05/21-21:43:34.852 [http-nio-8899-exec-3] INFO  c.x.s.a.I.CommonCostInterceptor - request times 1=41462 
2019/05/21-21:44:21.205 [main] INFO  c.x.springcloud.ams.AmsApplication - Starting AmsApplication on xxw with PID 9384 (C:\work\project\xxwgit\ams\target\classes started by 86177 in C:\work\project\xxwgit\ams) 
2019/05/21-21:44:21.208 [main] INFO  c.x.springcloud.ams.AmsApplication - No active profile set, falling back to default profiles: default 
2019/05/21-21:44:21.936 [main] INFO  o.s.d.r.c.RepositoryConfigurationDelegate - Bootstrapping Spring Data repositories in DEFAULT mode. 
2019/05/21-21:44:21.978 [main] INFO  o.s.d.r.c.RepositoryConfigurationDelegate - Finished Spring Data repository scanning in 31ms. Found 0 repository interfaces. 
2019/05/21-21:44:22.356 [main] INFO  o.s.c.s.PostProcessorRegistrationDelegate$BeanPostProcessorChecker - Bean 'org.springframework.transaction.annotation.ProxyTransactionManagementConfiguration' of type [org.springframework.transaction.annotation.ProxyTransactionManagementConfiguration$$EnhancerBySpringCGLIB$$9ce129d3] is not eligible for getting processed by all BeanPostProcessors (for example: not eligible for auto-proxying) 
2019/05/21-21:44:23.135 [main] INFO  o.s.b.w.e.tomcat.TomcatWebServer - Tomcat initialized with port(s): 8899 (http) 
2019/05/21-21:44:23.164 [main] INFO  o.a.catalina.core.StandardService - Starting service [Tomcat] 
2019/05/21-21:44:23.164 [main] INFO  o.a.catalina.core.StandardEngine - Starting Servlet engine: [Apache Tomcat/9.0.17] 
2019/05/21-21:44:23.303 [main] INFO  o.a.c.c.C.[.[localhost].[/ams] - Initializing Spring embedded WebApplicationContext 
2019/05/21-21:44:23.303 [main] INFO  o.s.web.context.ContextLoader - Root WebApplicationContext: initialization completed in 2053 ms 
2019/05/21-21:44:23.502 [main] INFO  com.zaxxer.hikari.HikariDataSource - HikariPool-1 - Starting... 
2019/05/21-21:44:23.627 [main] INFO  com.zaxxer.hikari.HikariDataSource - HikariPool-1 - Start completed. 
2019/05/21-21:44:23.691 [main] INFO  o.h.jpa.internal.util.LogHelper - HHH000204: Processing PersistenceUnitInfo [
	name: default
	...] 
2019/05/21-21:44:23.756 [main] INFO  org.hibernate.Version - HHH000412: Hibernate Core {5.3.9.Final} 
2019/05/21-21:44:23.758 [main] INFO  org.hibernate.cfg.Environment - HHH000206: hibernate.properties not found 
2019/05/21-21:44:23.898 [main] INFO  o.h.annotations.common.Version - HCANN000001: Hibernate Commons Annotations {5.0.4.Final} 
2019/05/21-21:44:24.066 [main] INFO  org.hibernate.dialect.Dialect - HHH000400: Using dialect: org.hibernate.dialect.MySQL5Dialect 
2019/05/21-21:44:24.273 [main] INFO  o.s.o.j.LocalContainerEntityManagerFactoryBean - Initialized JPA EntityManagerFactory for persistence unit 'default' 
2019/05/21-21:44:24.810 [main] INFO  o.s.s.c.ThreadPoolTaskExecutor - Initializing ExecutorService 'applicationTaskExecutor' 
2019/05/21-21:44:24.867 [main] WARN  o.s.b.a.o.j.JpaBaseConfiguration$JpaWebConfiguration$JpaWebMvcConfiguration - spring.jpa.open-in-view is enabled by default. Therefore, database queries may be performed during view rendering. Explicitly configure spring.jpa.open-in-view to disable this warning 
2019/05/21-21:44:25.106 [main] INFO  o.s.b.w.e.tomcat.TomcatWebServer - Tomcat started on port(s): 8899 (http) with context path '/ams' 
2019/05/21-21:44:25.114 [main] INFO  c.x.springcloud.ams.AmsApplication - Started AmsApplication in 4.187 seconds (JVM running for 4.76) 
2019/05/21-21:44:25.117 [main] INFO  c.x.springcloud.ams.AmsApplication - 	
 系统启动成功 
2019/05/21-21:44:30.624 [http-nio-8899-exec-1] INFO  o.a.c.c.C.[.[localhost].[/ams] - Initializing Spring DispatcherServlet 'dispatcherServlet' 
2019/05/21-21:44:30.625 [http-nio-8899-exec-1] INFO  o.s.web.servlet.DispatcherServlet - Initializing Servlet 'dispatcherServlet' 
2019/05/21-21:44:30.633 [http-nio-8899-exec-1] INFO  o.s.web.servlet.DispatcherServlet - Completed initialization in 8 ms 
2019/05/21-21:44:53.752 [http-nio-8899-exec-1] INFO  c.x.s.a.I.CommonCostInterceptor - request times =23103 
2019/05/21-21:44:53.754 [http-nio-8899-exec-1] INFO  c.x.s.a.I.CommonCostInterceptor - request times 1=23105 
2019/05/21-21:45:22.944 [main] INFO  c.x.springcloud.ams.AmsApplication - Starting AmsApplication on xxw with PID 22728 (C:\work\project\xxwgit\ams\target\classes started by 86177 in C:\work\project\xxwgit\ams) 
2019/05/21-21:45:22.948 [main] INFO  c.x.springcloud.ams.AmsApplication - No active profile set, falling back to default profiles: default 
2019/05/21-21:45:23.641 [main] INFO  o.s.d.r.c.RepositoryConfigurationDelegate - Bootstrapping Spring Data repositories in DEFAULT mode. 
2019/05/21-21:45:23.683 [main] INFO  o.s.d.r.c.RepositoryConfigurationDelegate - Finished Spring Data repository scanning in 33ms. Found 0 repository interfaces. 
2019/05/21-21:45:24.023 [main] INFO  o.s.c.s.PostProcessorRegistrationDelegate$BeanPostProcessorChecker - Bean 'org.springframework.transaction.annotation.ProxyTransactionManagementConfiguration' of type [org.springframework.transaction.annotation.ProxyTransactionManagementConfiguration$$EnhancerBySpringCGLIB$$ab148a9] is not eligible for getting processed by all BeanPostProcessors (for example: not eligible for auto-proxying) 
2019/05/21-21:45:24.727 [main] INFO  o.s.b.w.e.tomcat.TomcatWebServer - Tomcat initialized with port(s): 8899 (http) 
2019/05/21-21:45:24.754 [main] INFO  o.a.catalina.core.StandardService - Starting service [Tomcat] 
2019/05/21-21:45:24.754 [main] INFO  o.a.catalina.core.StandardEngine - Starting Servlet engine: [Apache Tomcat/9.0.17] 
2019/05/21-21:45:24.884 [main] INFO  o.a.c.c.C.[.[localhost].[/ams] - Initializing Spring embedded WebApplicationContext 
2019/05/21-21:45:24.885 [main] INFO  o.s.web.context.ContextLoader - Root WebApplicationContext: initialization completed in 1899 ms 
2019/05/21-21:45:25.087 [main] INFO  com.zaxxer.hikari.HikariDataSource - HikariPool-1 - Starting... 
2019/05/21-21:45:25.207 [main] INFO  com.zaxxer.hikari.HikariDataSource - HikariPool-1 - Start completed. 
2019/05/21-21:45:25.266 [main] INFO  o.h.jpa.internal.util.LogHelper - HHH000204: Processing PersistenceUnitInfo [
	name: default
	...] 
2019/05/21-21:45:25.332 [main] INFO  org.hibernate.Version - HHH000412: Hibernate Core {5.3.9.Final} 
2019/05/21-21:45:25.333 [main] INFO  org.hibernate.cfg.Environment - HHH000206: hibernate.properties not found 
2019/05/21-21:45:25.470 [main] INFO  o.h.annotations.common.Version - HCANN000001: Hibernate Commons Annotations {5.0.4.Final} 
2019/05/21-21:45:25.642 [main] INFO  org.hibernate.dialect.Dialect - HHH000400: Using dialect: org.hibernate.dialect.MySQL5Dialect 
2019/05/21-21:45:25.855 [main] INFO  o.s.o.j.LocalContainerEntityManagerFactoryBean - Initialized JPA EntityManagerFactory for persistence unit 'default' 
2019/05/21-21:45:26.350 [main] INFO  o.s.s.c.ThreadPoolTaskExecutor - Initializing ExecutorService 'applicationTaskExecutor' 
2019/05/21-21:45:26.406 [main] WARN  o.s.b.a.o.j.JpaBaseConfiguration$JpaWebConfiguration$JpaWebMvcConfiguration - spring.jpa.open-in-view is enabled by default. Therefore, database queries may be performed during view rendering. Explicitly configure spring.jpa.open-in-view to disable this warning 
2019/05/21-21:45:26.624 [main] INFO  o.s.b.w.e.tomcat.TomcatWebServer - Tomcat started on port(s): 8899 (http) with context path '/ams' 
2019/05/21-21:45:26.627 [main] INFO  c.x.springcloud.ams.AmsApplication - Started AmsApplication in 3.966 seconds (JVM running for 4.562) 
2019/05/21-21:45:26.629 [main] INFO  c.x.springcloud.ams.AmsApplication - 	
 系统启动成功 
2019/05/21-21:45:31.507 [http-nio-8899-exec-1] INFO  o.a.c.c.C.[.[localhost].[/ams] - Initializing Spring DispatcherServlet 'dispatcherServlet' 
2019/05/21-21:45:31.507 [http-nio-8899-exec-1] INFO  o.s.web.servlet.DispatcherServlet - Initializing Servlet 'dispatcherServlet' 
2019/05/21-21:45:31.514 [http-nio-8899-exec-1] INFO  o.s.web.servlet.DispatcherServlet - Completed initialization in 7 ms 
2019/05/21-21:45:43.025 [http-nio-8899-exec-1] INFO  c.x.s.ams.web.RoleManagerController - 用户角色分配成功 
2019/05/21-21:45:44.136 [http-nio-8899-exec-1] INFO  c.x.s.a.I.CommonCostInterceptor - request times =12607 
2019/05/21-21:45:44.139 [http-nio-8899-exec-1] INFO  c.x.s.a.I.CommonCostInterceptor - request times 1=12610 
2019/05/21-21:46:26.737 [http-nio-8899-exec-3] INFO  c.x.s.ams.web.MenuManagerController - 菜单添加成功 
2019/05/21-21:46:26.739 [http-nio-8899-exec-3] INFO  c.x.s.a.I.CommonCostInterceptor - request times =14 
2019/05/21-21:46:26.739 [http-nio-8899-exec-3] INFO  c.x.s.a.I.CommonCostInterceptor - request times 1=14 
2019/05/21-21:47:13.851 [http-nio-8899-exec-4] INFO  c.x.s.ams.web.RoleManagerController - 用户角色分配成功 
2019/05/21-21:47:13.853 [http-nio-8899-exec-4] INFO  c.x.s.a.I.CommonCostInterceptor - request times =3473 
2019/05/21-21:47:13.853 [http-nio-8899-exec-4] INFO  c.x.s.a.I.CommonCostInterceptor - request times 1=3473 
2019/05/21-21:48:18.555 [http-nio-8899-exec-7] INFO  c.x.s.a.I.CommonCostInterceptor - request times =2 
2019/05/21-21:48:18.556 [http-nio-8899-exec-7] INFO  c.x.s.a.I.CommonCostInterceptor - request times 1=3 
2019/05/21-21:48:28.145 [http-nio-8899-exec-8] INFO  c.x.s.a.I.CommonCostInterceptor - request times =8 
2019/05/21-21:48:28.146 [http-nio-8899-exec-8] INFO  c.x.s.a.I.CommonCostInterceptor - request times 1=9 
2019/05/21-21:50:40.689 [main] INFO  c.x.springcloud.ams.AmsApplication - Starting AmsApplication on xxw with PID 4036 (C:\work\project\xxwgit\ams\target\classes started by 86177 in C:\work\project\xxwgit\ams) 
2019/05/21-21:50:40.693 [main] INFO  c.x.springcloud.ams.AmsApplication - No active profile set, falling back to default profiles: default 
2019/05/21-21:50:41.416 [main] INFO  o.s.d.r.c.RepositoryConfigurationDelegate - Bootstrapping Spring Data repositories in DEFAULT mode. 
2019/05/21-21:50:41.465 [main] INFO  o.s.d.r.c.RepositoryConfigurationDelegate - Finished Spring Data repository scanning in 38ms. Found 0 repository interfaces. 
2019/05/21-21:50:41.820 [main] INFO  o.s.c.s.PostProcessorRegistrationDelegate$BeanPostProcessorChecker - Bean 'org.springframework.transaction.annotation.ProxyTransactionManagementConfiguration' of type [org.springframework.transaction.annotation.ProxyTransactionManagementConfiguration$$EnhancerBySpringCGLIB$$763eb6c2] is not eligible for getting processed by all BeanPostProcessors (for example: not eligible for auto-proxying) 
2019/05/21-21:50:42.594 [main] INFO  o.s.b.w.e.tomcat.TomcatWebServer - Tomcat initialized with port(s): 8899 (http) 
2019/05/21-21:50:42.622 [main] INFO  o.a.catalina.core.StandardService - Starting service [Tomcat] 
2019/05/21-21:50:42.622 [main] INFO  o.a.catalina.core.StandardEngine - Starting Servlet engine: [Apache Tomcat/9.0.17] 
2019/05/21-21:50:42.751 [main] INFO  o.a.c.c.C.[.[localhost].[/ams] - Initializing Spring embedded WebApplicationContext 
2019/05/21-21:50:42.751 [main] INFO  o.s.web.context.ContextLoader - Root WebApplicationContext: initialization completed in 2014 ms 
2019/05/21-21:50:42.960 [main] INFO  com.zaxxer.hikari.HikariDataSource - HikariPool-1 - Starting... 
2019/05/21-21:50:43.082 [main] INFO  com.zaxxer.hikari.HikariDataSource - HikariPool-1 - Start completed. 
2019/05/21-21:50:43.142 [main] INFO  o.h.jpa.internal.util.LogHelper - HHH000204: Processing PersistenceUnitInfo [
	name: default
	...] 
2019/05/21-21:50:43.210 [main] INFO  org.hibernate.Version - HHH000412: Hibernate Core {5.3.9.Final} 
2019/05/21-21:50:43.211 [main] INFO  org.hibernate.cfg.Environment - HHH000206: hibernate.properties not found 
2019/05/21-21:50:43.381 [main] INFO  o.h.annotations.common.Version - HCANN000001: Hibernate Commons Annotations {5.0.4.Final} 
2019/05/21-21:50:43.552 [main] INFO  org.hibernate.dialect.Dialect - HHH000400: Using dialect: org.hibernate.dialect.MySQL5Dialect 
2019/05/21-21:50:43.771 [main] INFO  o.s.o.j.LocalContainerEntityManagerFactoryBean - Initialized JPA EntityManagerFactory for persistence unit 'default' 
2019/05/21-21:50:44.272 [main] INFO  o.s.s.c.ThreadPoolTaskExecutor - Initializing ExecutorService 'applicationTaskExecutor' 
2019/05/21-21:50:44.328 [main] WARN  o.s.b.a.o.j.JpaBaseConfiguration$JpaWebConfiguration$JpaWebMvcConfiguration - spring.jpa.open-in-view is enabled by default. Therefore, database queries may be performed during view rendering. Explicitly configure spring.jpa.open-in-view to disable this warning 
2019/05/21-21:50:44.553 [main] INFO  o.s.b.w.e.tomcat.TomcatWebServer - Tomcat started on port(s): 8899 (http) with context path '/ams' 
2019/05/21-21:50:44.556 [main] INFO  c.x.springcloud.ams.AmsApplication - Started AmsApplication in 4.143 seconds (JVM running for 4.716) 
2019/05/21-21:50:44.558 [main] INFO  c.x.springcloud.ams.AmsApplication - 	
 系统启动成功 
2019/05/21-21:50:49.028 [http-nio-8899-exec-3] INFO  o.a.c.c.C.[.[localhost].[/ams] - Initializing Spring DispatcherServlet 'dispatcherServlet' 
2019/05/21-21:50:49.028 [http-nio-8899-exec-3] INFO  o.s.web.servlet.DispatcherServlet - Initializing Servlet 'dispatcherServlet' 
2019/05/21-21:50:49.036 [http-nio-8899-exec-3] INFO  o.s.web.servlet.DispatcherServlet - Completed initialization in 8 ms 
2019/05/21-21:50:49.326 [http-nio-8899-exec-3] INFO  c.x.s.ams.web.MenuManagerController - 用户菜单查询成功 
2019/05/21-21:50:49.352 [http-nio-8899-exec-3] INFO  c.x.s.a.I.CommonCostInterceptor - request times =302 
2019/05/21-21:50:49.355 [http-nio-8899-exec-3] INFO  c.x.s.a.I.CommonCostInterceptor - request times 1=305 
2019/05/21-21:53:18.097 [http-nio-8899-exec-5] INFO  c.x.s.ams.web.MenuManagerController - 用户菜单查询成功 
2019/05/21-21:53:18.099 [http-nio-8899-exec-5] INFO  c.x.s.a.I.CommonCostInterceptor - request times =9 
2019/05/21-21:53:18.100 [http-nio-8899-exec-5] INFO  c.x.s.a.I.CommonCostInterceptor - request times 1=10 
2019/05/21-21:56:43.604 [main] INFO  c.x.springcloud.ams.AmsApplication - Starting AmsApplication on xxw with PID 20988 (C:\work\project\xxwgit\ams\target\classes started by 86177 in C:\work\project\xxwgit\ams) 
2019/05/21-21:56:43.608 [main] INFO  c.x.springcloud.ams.AmsApplication - No active profile set, falling back to default profiles: default 
2019/05/21-21:56:44.360 [main] INFO  o.s.d.r.c.RepositoryConfigurationDelegate - Bootstrapping Spring Data repositories in DEFAULT mode. 
2019/05/21-21:56:44.401 [main] INFO  o.s.d.r.c.RepositoryConfigurationDelegate - Finished Spring Data repository scanning in 33ms. Found 0 repository interfaces. 
2019/05/21-21:56:44.753 [main] INFO  o.s.c.s.PostProcessorRegistrationDelegate$BeanPostProcessorChecker - Bean 'org.springframework.transaction.annotation.ProxyTransactionManagementConfiguration' of type [org.springframework.transaction.annotation.ProxyTransactionManagementConfiguration$$EnhancerBySpringCGLIB$$c423f665] is not eligible for getting processed by all BeanPostProcessors (for example: not eligible for auto-proxying) 
2019/05/21-21:56:45.479 [main] INFO  o.s.b.w.e.tomcat.TomcatWebServer - Tomcat initialized with port(s): 8899 (http) 
2019/05/21-21:56:45.504 [main] INFO  o.a.catalina.core.StandardService - Starting service [Tomcat] 
2019/05/21-21:56:45.505 [main] INFO  o.a.catalina.core.StandardEngine - Starting Servlet engine: [Apache Tomcat/9.0.17] 
2019/05/21-21:56:45.640 [main] INFO  o.a.c.c.C.[.[localhost].[/ams] - Initializing Spring embedded WebApplicationContext 
2019/05/21-21:56:45.640 [main] INFO  o.s.web.context.ContextLoader - Root WebApplicationContext: initialization completed in 1971 ms 
2019/05/21-21:56:45.835 [main] INFO  com.zaxxer.hikari.HikariDataSource - HikariPool-1 - Starting... 
2019/05/21-21:56:45.961 [main] INFO  com.zaxxer.hikari.HikariDataSource - HikariPool-1 - Start completed. 
2019/05/21-21:56:46.027 [main] INFO  o.h.jpa.internal.util.LogHelper - HHH000204: Processing PersistenceUnitInfo [
	name: default
	...] 
2019/05/21-21:56:46.095 [main] INFO  org.hibernate.Version - HHH000412: Hibernate Core {5.3.9.Final} 
2019/05/21-21:56:46.097 [main] INFO  org.hibernate.cfg.Environment - HHH000206: hibernate.properties not found 
2019/05/21-21:56:46.253 [main] INFO  o.h.annotations.common.Version - HCANN000001: Hibernate Commons Annotations {5.0.4.Final} 
2019/05/21-21:56:46.436 [main] INFO  org.hibernate.dialect.Dialect - HHH000400: Using dialect: org.hibernate.dialect.MySQL5Dialect 
2019/05/21-21:56:46.645 [main] INFO  o.s.o.j.LocalContainerEntityManagerFactoryBean - Initialized JPA EntityManagerFactory for persistence unit 'default' 
2019/05/21-21:56:47.140 [main] INFO  o.s.s.c.ThreadPoolTaskExecutor - Initializing ExecutorService 'applicationTaskExecutor' 
2019/05/21-21:56:47.185 [main] WARN  o.s.b.a.o.j.JpaBaseConfiguration$JpaWebConfiguration$JpaWebMvcConfiguration - spring.jpa.open-in-view is enabled by default. Therefore, database queries may be performed during view rendering. Explicitly configure spring.jpa.open-in-view to disable this warning 
2019/05/21-21:56:47.427 [main] INFO  o.s.b.w.e.tomcat.TomcatWebServer - Tomcat started on port(s): 8899 (http) with context path '/ams' 
2019/05/21-21:56:47.430 [main] INFO  c.x.springcloud.ams.AmsApplication - Started AmsApplication in 4.116 seconds (JVM running for 4.765) 
2019/05/21-21:56:47.432 [main] INFO  c.x.springcloud.ams.AmsApplication - 	
 系统启动成功 
2019/05/21-21:56:55.637 [http-nio-8899-exec-2] INFO  o.a.c.c.C.[.[localhost].[/ams] - Initializing Spring DispatcherServlet 'dispatcherServlet' 
2019/05/21-21:56:55.638 [http-nio-8899-exec-2] INFO  o.s.web.servlet.DispatcherServlet - Initializing Servlet 'dispatcherServlet' 
2019/05/21-21:56:55.647 [http-nio-8899-exec-2] INFO  o.s.web.servlet.DispatcherServlet - Completed initialization in 9 ms 
2019/05/21-21:57:09.139 [http-nio-8899-exec-2] INFO  c.x.s.ams.web.MenuManagerController - 用户菜单查询成功 
2019/05/21-21:57:11.025 [http-nio-8899-exec-2] INFO  c.x.s.a.I.CommonCostInterceptor - request times =15364 
2019/05/21-21:57:11.028 [http-nio-8899-exec-2] INFO  c.x.s.a.I.CommonCostInterceptor - request times 1=15367 
2019/05/22-09:34:38.092 [main] INFO  c.x.springcloud.ams.AmsApplication - Starting AmsApplication on xxw with PID 23432 (C:\work\project\xxwgit\ams\target\classes started by 86177 in C:\work\project\xxwgit\ams) 
2019/05/22-09:34:38.096 [main] INFO  c.x.springcloud.ams.AmsApplication - No active profile set, falling back to default profiles: default 
2019/05/22-09:34:38.794 [main] INFO  o.s.d.r.c.RepositoryConfigurationDelegate - Bootstrapping Spring Data repositories in DEFAULT mode. 
2019/05/22-09:34:38.836 [main] INFO  o.s.d.r.c.RepositoryConfigurationDelegate - Finished Spring Data repository scanning in 33ms. Found 0 repository interfaces. 
2019/05/22-09:34:39.204 [main] INFO  o.s.c.s.PostProcessorRegistrationDelegate$BeanPostProcessorChecker - Bean 'org.springframework.transaction.annotation.ProxyTransactionManagementConfiguration' of type [org.springframework.transaction.annotation.ProxyTransactionManagementConfiguration$$EnhancerBySpringCGLIB$$cc52268c] is not eligible for getting processed by all BeanPostProcessors (for example: not eligible for auto-proxying) 
2019/05/22-09:34:40.005 [main] INFO  o.s.b.w.e.tomcat.TomcatWebServer - Tomcat initialized with port(s): 8899 (http) 
2019/05/22-09:34:40.030 [main] INFO  o.a.catalina.core.StandardService - Starting service [Tomcat] 
2019/05/22-09:34:40.030 [main] INFO  o.a.catalina.core.StandardEngine - Starting Servlet engine: [Apache Tomcat/9.0.17] 
2019/05/22-09:34:40.163 [main] INFO  o.a.c.c.C.[.[localhost].[/ams] - Initializing Spring embedded WebApplicationContext 
2019/05/22-09:34:40.163 [main] INFO  o.s.web.context.ContextLoader - Root WebApplicationContext: initialization completed in 2022 ms 
2019/05/22-09:34:40.368 [main] INFO  com.zaxxer.hikari.HikariDataSource - HikariPool-1 - Starting... 
2019/05/22-09:34:40.496 [main] INFO  com.zaxxer.hikari.HikariDataSource - HikariPool-1 - Start completed. 
2019/05/22-09:34:40.563 [main] INFO  o.h.jpa.internal.util.LogHelper - HHH000204: Processing PersistenceUnitInfo [
	name: default
	...] 
2019/05/22-09:34:40.640 [main] INFO  org.hibernate.Version - HHH000412: Hibernate Core {5.3.9.Final} 
2019/05/22-09:34:40.641 [main] INFO  org.hibernate.cfg.Environment - HHH000206: hibernate.properties not found 
2019/05/22-09:34:40.776 [main] INFO  o.h.annotations.common.Version - HCANN000001: Hibernate Commons Annotations {5.0.4.Final} 
2019/05/22-09:34:40.956 [main] INFO  org.hibernate.dialect.Dialect - HHH000400: Using dialect: org.hibernate.dialect.MySQL5Dialect 
2019/05/22-09:34:41.172 [main] INFO  o.s.o.j.LocalContainerEntityManagerFactoryBean - Initialized JPA EntityManagerFactory for persistence unit 'default' 
2019/05/22-09:34:41.689 [main] INFO  o.s.s.c.ThreadPoolTaskExecutor - Initializing ExecutorService 'applicationTaskExecutor' 
2019/05/22-09:34:41.735 [main] WARN  o.s.b.a.o.j.JpaBaseConfiguration$JpaWebConfiguration$JpaWebMvcConfiguration - spring.jpa.open-in-view is enabled by default. Therefore, database queries may be performed during view rendering. Explicitly configure spring.jpa.open-in-view to disable this warning 
2019/05/22-09:34:41.967 [main] INFO  o.s.b.w.e.tomcat.TomcatWebServer - Tomcat started on port(s): 8899 (http) with context path '/ams' 
2019/05/22-09:34:41.970 [main] INFO  c.x.springcloud.ams.AmsApplication - Started AmsApplication in 4.157 seconds (JVM running for 4.852) 
2019/05/22-09:34:41.972 [main] INFO  c.x.springcloud.ams.AmsApplication - 	
 系统启动成功 
2019/05/22-09:35:05.255 [http-nio-8899-exec-2] INFO  o.a.c.c.C.[.[localhost].[/ams] - Initializing Spring DispatcherServlet 'dispatcherServlet' 
2019/05/22-09:35:05.255 [http-nio-8899-exec-2] INFO  o.s.web.servlet.DispatcherServlet - Initializing Servlet 'dispatcherServlet' 
2019/05/22-09:35:05.264 [http-nio-8899-exec-2] INFO  o.s.web.servlet.DispatcherServlet - Completed initialization in 9 ms 
2019/05/22-13:34:18.787 [main] INFO  c.x.springcloud.ams.AmsApplication - Starting AmsApplication on xxw with PID 25000 (C:\work\project\xxwgit\ams\target\classes started by 86177 in C:\work\project\xxwgit\ams) 
2019/05/22-13:34:18.790 [main] INFO  c.x.springcloud.ams.AmsApplication - No active profile set, falling back to default profiles: default 
2019/05/22-13:34:19.515 [main] INFO  o.s.d.r.c.RepositoryConfigurationDelegate - Bootstrapping Spring Data repositories in DEFAULT mode. 
2019/05/22-13:34:19.559 [main] INFO  o.s.d.r.c.RepositoryConfigurationDelegate - Finished Spring Data repository scanning in 35ms. Found 0 repository interfaces. 
2019/05/22-13:34:19.967 [main] INFO  o.s.c.s.PostProcessorRegistrationDelegate$BeanPostProcessorChecker - Bean 'org.springframework.transaction.annotation.ProxyTransactionManagementConfiguration' of type [org.springframework.transaction.annotation.ProxyTransactionManagementConfiguration$$EnhancerBySpringCGLIB$$e269dc0c] is not eligible for getting processed by all BeanPostProcessors (for example: not eligible for auto-proxying) 
2019/05/22-13:34:20.800 [main] INFO  o.s.b.w.e.tomcat.TomcatWebServer - Tomcat initialized with port(s): 8899 (http) 
2019/05/22-13:34:20.827 [main] INFO  o.a.catalina.core.StandardService - Starting service [Tomcat] 
2019/05/22-13:34:20.828 [main] INFO  o.a.catalina.core.StandardEngine - Starting Servlet engine: [Apache Tomcat/9.0.17] 
2019/05/22-13:34:20.973 [main] INFO  o.a.c.c.C.[.[localhost].[/ams] - Initializing Spring embedded WebApplicationContext 
2019/05/22-13:34:20.973 [main] INFO  o.s.web.context.ContextLoader - Root WebApplicationContext: initialization completed in 2138 ms 
2019/05/22-13:34:21.205 [main] INFO  com.zaxxer.hikari.HikariDataSource - HikariPool-1 - Starting... 
2019/05/22-13:34:21.370 [main] INFO  com.zaxxer.hikari.HikariDataSource - HikariPool-1 - Start completed. 
2019/05/22-13:34:21.456 [main] INFO  o.h.jpa.internal.util.LogHelper - HHH000204: Processing PersistenceUnitInfo [
	name: default
	...] 
2019/05/22-13:34:21.538 [main] INFO  org.hibernate.Version - HHH000412: Hibernate Core {5.3.9.Final} 
2019/05/22-13:34:21.540 [main] INFO  org.hibernate.cfg.Environment - HHH000206: hibernate.properties not found 
2019/05/22-13:34:21.752 [main] INFO  o.h.annotations.common.Version - HCANN000001: Hibernate Commons Annotations {5.0.4.Final} 
2019/05/22-13:34:22.138 [main] INFO  org.hibernate.dialect.Dialect - HHH000400: Using dialect: org.hibernate.dialect.MySQL5Dialect 
2019/05/22-13:34:22.498 [main] INFO  o.s.o.j.LocalContainerEntityManagerFactoryBean - Initialized JPA EntityManagerFactory for persistence unit 'default' 
2019/05/22-13:34:23.641 [main] INFO  o.s.s.c.ThreadPoolTaskExecutor - Initializing ExecutorService 'applicationTaskExecutor' 
2019/05/22-13:34:23.736 [main] WARN  o.s.b.a.o.j.JpaBaseConfiguration$JpaWebConfiguration$JpaWebMvcConfiguration - spring.jpa.open-in-view is enabled by default. Therefore, database queries may be performed during view rendering. Explicitly configure spring.jpa.open-in-view to disable this warning 
2019/05/22-13:34:24.132 [main] INFO  o.s.b.w.e.tomcat.TomcatWebServer - Tomcat started on port(s): 8899 (http) with context path '/ams' 
2019/05/22-13:34:24.136 [main] INFO  c.x.springcloud.ams.AmsApplication - Started AmsApplication in 5.641 seconds (JVM running for 6.228) 
2019/05/22-13:34:24.141 [main] INFO  c.x.springcloud.ams.AmsApplication - 	
 系统启动成功 
2019/05/22-13:34:36.580 [http-nio-8899-exec-1] INFO  o.a.c.c.C.[.[localhost].[/ams] - Initializing Spring DispatcherServlet 'dispatcherServlet' 
2019/05/22-13:34:36.581 [http-nio-8899-exec-1] INFO  o.s.web.servlet.DispatcherServlet - Initializing Servlet 'dispatcherServlet' 
2019/05/22-13:34:36.588 [http-nio-8899-exec-1] INFO  o.s.web.servlet.DispatcherServlet - Completed initialization in 7 ms 
2019/05/22-13:35:49.602 [http-nio-8899-exec-3] INFO  c.x.s.a.I.CommonCostInterceptor - request times =186 
2019/05/22-13:35:49.606 [http-nio-8899-exec-3] INFO  c.x.s.a.I.CommonCostInterceptor - request times 1=190 
2019/05/22-13:36:44.852 [main] INFO  c.x.springcloud.ams.AmsApplication - Starting AmsApplication on xxw with PID 19884 (C:\work\project\xxwgit\ams\target\classes started by 86177 in C:\work\project\xxwgit\ams) 
2019/05/22-13:36:44.856 [main] INFO  c.x.springcloud.ams.AmsApplication - No active profile set, falling back to default profiles: default 
2019/05/22-13:36:45.604 [main] INFO  o.s.d.r.c.RepositoryConfigurationDelegate - Bootstrapping Spring Data repositories in DEFAULT mode. 
2019/05/22-13:36:45.644 [main] INFO  o.s.d.r.c.RepositoryConfigurationDelegate - Finished Spring Data repository scanning in 32ms. Found 0 repository interfaces. 
2019/05/22-13:36:46.122 [main] INFO  o.s.c.s.PostProcessorRegistrationDelegate$BeanPostProcessorChecker - Bean 'org.springframework.transaction.annotation.ProxyTransactionManagementConfiguration' of type [org.springframework.transaction.annotation.ProxyTransactionManagementConfiguration$$EnhancerBySpringCGLIB$$c908fb41] is not eligible for getting processed by all BeanPostProcessors (for example: not eligible for auto-proxying) 
2019/05/22-13:36:46.942 [main] INFO  o.s.b.w.e.tomcat.TomcatWebServer - Tomcat initialized with port(s): 8899 (http) 
2019/05/22-13:36:46.971 [main] INFO  o.a.catalina.core.StandardService - Starting service [Tomcat] 
2019/05/22-13:36:46.971 [main] INFO  o.a.catalina.core.StandardEngine - Starting Servlet engine: [Apache Tomcat/9.0.17] 
2019/05/22-13:36:47.124 [main] INFO  o.a.c.c.C.[.[localhost].[/ams] - Initializing Spring embedded WebApplicationContext 
2019/05/22-13:36:47.124 [main] INFO  o.s.web.context.ContextLoader - Root WebApplicationContext: initialization completed in 2227 ms 
2019/05/22-13:36:47.343 [main] INFO  com.zaxxer.hikari.HikariDataSource - HikariPool-1 - Starting... 
2019/05/22-13:36:47.475 [main] INFO  com.zaxxer.hikari.HikariDataSource - HikariPool-1 - Start completed. 
2019/05/22-13:36:47.542 [main] INFO  o.h.jpa.internal.util.LogHelper - HHH000204: Processing PersistenceUnitInfo [
	name: default
	...] 
2019/05/22-13:36:47.619 [main] INFO  org.hibernate.Version - HHH000412: Hibernate Core {5.3.9.Final} 
2019/05/22-13:36:47.621 [main] INFO  org.hibernate.cfg.Environment - HHH000206: hibernate.properties not found 
2019/05/22-13:36:47.798 [main] INFO  o.h.annotations.common.Version - HCANN000001: Hibernate Commons Annotations {5.0.4.Final} 
2019/05/22-13:36:48.061 [main] INFO  org.hibernate.dialect.Dialect - HHH000400: Using dialect: org.hibernate.dialect.MySQL5Dialect 
2019/05/22-13:36:48.339 [main] INFO  o.s.o.j.LocalContainerEntityManagerFactoryBean - Initialized JPA EntityManagerFactory for persistence unit 'default' 
2019/05/22-13:36:49.065 [main] INFO  o.s.s.c.ThreadPoolTaskExecutor - Initializing ExecutorService 'applicationTaskExecutor' 
2019/05/22-13:36:49.145 [main] WARN  o.s.b.a.o.j.JpaBaseConfiguration$JpaWebConfiguration$JpaWebMvcConfiguration - spring.jpa.open-in-view is enabled by default. Therefore, database queries may be performed during view rendering. Explicitly configure spring.jpa.open-in-view to disable this warning 
2019/05/22-13:36:49.500 [main] INFO  o.s.b.w.e.tomcat.TomcatWebServer - Tomcat started on port(s): 8899 (http) with context path '/ams' 
2019/05/22-13:36:49.503 [main] INFO  c.x.springcloud.ams.AmsApplication - Started AmsApplication in 4.942 seconds (JVM running for 5.622) 
2019/05/22-13:36:49.507 [main] INFO  c.x.springcloud.ams.AmsApplication - 	
 系统启动成功 
2019/05/22-13:37:25.731 [http-nio-8899-exec-2] INFO  o.a.c.c.C.[.[localhost].[/ams] - Initializing Spring DispatcherServlet 'dispatcherServlet' 
2019/05/22-13:37:25.732 [http-nio-8899-exec-2] INFO  o.s.web.servlet.DispatcherServlet - Initializing Servlet 'dispatcherServlet' 
2019/05/22-13:37:25.741 [http-nio-8899-exec-2] INFO  o.s.web.servlet.DispatcherServlet - Completed initialization in 9 ms 
2019/05/22-13:38:04.432 [http-nio-8899-exec-2] INFO  c.x.s.a.I.CommonCostInterceptor - request times =38677 
2019/05/22-13:38:04.435 [http-nio-8899-exec-2] INFO  c.x.s.a.I.CommonCostInterceptor - request times 1=38680 
2019/05/22-13:40:54.898 [http-nio-8899-exec-3] INFO  c.x.s.ams.web.MenuManagerController - 用户菜单查询成功 
2019/05/22-13:40:54.928 [http-nio-8899-exec-3] INFO  c.x.s.a.I.CommonCostInterceptor - request times =5232 
2019/05/22-13:40:54.929 [http-nio-8899-exec-3] INFO  c.x.s.a.I.CommonCostInterceptor - request times 1=5233 
2019/05/22-13:42:06.436 [http-nio-8899-exec-4] INFO  c.x.s.a.I.CommonCostInterceptor - request times =32386 
2019/05/22-13:42:06.437 [http-nio-8899-exec-4] INFO  c.x.s.a.I.CommonCostInterceptor - request times 1=32387 
